<?xml version="1.0" encoding="UTF-8"?>
<!-- Generated by org.testng.reporters.JUnitXMLReporter -->
<testsuite hostname="DESKTOP-NTDIJGK" ignored="0" name="Regression suite 1" tests="30" failures="6" timestamp="2020-06-24T11:52:16 ICT" time="114.277" errors="0">
  <testcase name="ACC05" time="1.122" classname="poly.test.Account"/>
  <testcase name="ACC06" time="1.422" classname="poly.test.Account"/>
  <testcase name="ACC07" time="2.743" classname="poly.test.Account"/>
  <testcase name="ACC08" time="2.225" classname="poly.test.Account"/>
  <testcase name="ACC09" time="0.948" classname="poly.test.Account"/>
  <testcase name="ACC04" time="0.946" classname="poly.test.Account"/>
  <testcase name="CAT05" time="0.951" classname="poly.test.Category"/>
  <testcase name="CAT07" time="0.998" classname="poly.test.Category"/>
  <testcase name="CAT06" time="1.385" classname="poly.test.Category"/>
  <testcase name="CAT08" time="1.117" classname="poly.test.Category"/>
  <testcase name="CAT09" time="1.094" classname="poly.test.Category"/>
  <testcase name="CAT04" time="1.023" classname="poly.test.Category"/>
  <testcase name="LOG05" time="4.684" classname="poly.test.Login"/>
  <testcase name="LOG06" time="1.046" classname="poly.test.Login"/>
  <testcase name="LOG07" time="0.898" classname="poly.test.Login"/>
  <testcase name="LOG08" time="0.294" classname="poly.test.Login"/>
  <testcase name="LOG09" time="1.987" classname="poly.test.Login"/>
  <testcase name="LOG01" time="1.33" classname="poly.test.Login">
    <failure type="java.lang.AssertionError" message="expected [404 HTML Template by Colorlib] but found [HTTP Status 500 – Internal Server Error]">
      <![CDATA[java.lang.AssertionError: expected [404 HTML Template by Colorlib] but found [HTTP Status 500 – Internal Server Error]
at poly.test.Login.LOG01(Login.java:31)
at java.util.ArrayList.forEach(Unknown Source)
... Removed 32 stack frames]]>
    </failure>
  </testcase> <!-- LOG01 -->
  <testcase name="LOG02" time="0.173" classname="poly.test.Login">
    <failure type="java.lang.AssertionError" message="expected [http://localhost:8080/PS09298ASM/login.htm] but found [http://localhost:8080/PS09298ASM/index.jsp/manage/product.htm]">
      <![CDATA[java.lang.AssertionError: expected [http://localhost:8080/PS09298ASM/login.htm] but found [http://localhost:8080/PS09298ASM/index.jsp/manage/product.htm]
at poly.test.Login.LOG02(Login.java:37)
at java.util.ArrayList.forEach(Unknown Source)
... Removed 32 stack frames]]>
    </failure>
  </testcase> <!-- LOG02 -->
  <testcase name="PRO06" time="1.4" classname="poly.test.Product"/>
  <testcase name="PRO10" time="0.13" classname="poly.test.Product">
    <failure type="org.openqa.selenium.InvalidArgumentException" message="invalid argument: File not found : D:\anh_the.jpg
  (Session info: chrome=83.0.4103.116)
Build info: version: &amp;apos;3.141.59&amp;apos;, revision: &amp;apos;e82be7d358&amp;apos;, time: &amp;apos;2018-11-14T08:25:48&amp;apos;
System info: host: &amp;apos;DESKTOP-NTDIJGK&amp;apos;, ip: &amp;apos;192.168.0.115&amp;apos;, os.name: &amp;apos;Windows 10&amp;apos;, os.arch: &amp;apos;amd64&amp;apos;, os.version: &amp;apos;10.0&amp;apos;, java.version: &amp;apos;1.8.0_251&amp;apos;
Driver info: org.openqa.selenium.chrome.ChromeDriver
Capabilities {acceptInsecureCerts: false, browserName: chrome, browserVersion: 83.0.4103.116, chrome: {chromedriverVersion: 83.0.4103.39 (ccbf011cb2d2b..., userDataDir: C:\Users\ADMIN\AppData\Loca...}, goog:chromeOptions: {debuggerAddress: localhost:58763}, javascriptEnabled: true, networkConnectionEnabled: false, pageLoadStrategy: normal, platform: WINDOWS, platformName: WINDOWS, proxy: Proxy(), setWindowRect: true, strictFileInteractability: false, timeouts: {implicit: 0, pageLoad: 300000, script: 30000}, unhandledPromptBehavior: dismiss and notify, webauthn:virtualAuthenticators: true}
Session ID: ed86aec04da460794591853f1a1c2d13">
      <![CDATA[org.openqa.selenium.InvalidArgumentException: invalid argument: File not found : D:\anh_the.jpg
  (Session info: chrome=83.0.4103.116)
Build info: version: '3.141.59', revision: 'e82be7d358', time: '2018-11-14T08:25:48'
System info: host: 'DESKTOP-NTDIJGK', ip: '192.168.0.115', os.name: 'Windows 10', os.arch: 'amd64', os.version: '10.0', java.version: '1.8.0_251'
Driver info: org.openqa.selenium.chrome.ChromeDriver
Capabilities {acceptInsecureCerts: false, browserName: chrome, browserVersion: 83.0.4103.116, chrome: {chromedriverVersion: 83.0.4103.39 (ccbf011cb2d2b..., userDataDir: C:\Users\ADMIN\AppData\Loca...}, goog:chromeOptions: {debuggerAddress: localhost:58763}, javascriptEnabled: true, networkConnectionEnabled: false, pageLoadStrategy: normal, platform: WINDOWS, platformName: WINDOWS, proxy: Proxy(), setWindowRect: true, strictFileInteractability: false, timeouts: {implicit: 0, pageLoad: 300000, script: 30000}, unhandledPromptBehavior: dismiss and notify, webauthn:virtualAuthenticators: true}
Session ID: ed86aec04da460794591853f1a1c2d13
at org.openqa.selenium.remote.http.W3CHttpResponseCodec.createException(W3CHttpResponseCodec.java:187)
at org.openqa.selenium.remote.http.W3CHttpResponseCodec.decode(W3CHttpResponseCodec.java:122)
at org.openqa.selenium.remote.http.W3CHttpResponseCodec.decode(W3CHttpResponseCodec.java:49)
at org.openqa.selenium.remote.HttpCommandExecutor.execute(HttpCommandExecutor.java:158)
at org.openqa.selenium.remote.service.DriverCommandExecutor.execute(DriverCommandExecutor.java:83)
at org.openqa.selenium.remote.RemoteWebDriver.execute(RemoteWebDriver.java:552)
at org.openqa.selenium.remote.RemoteWebElement.execute(RemoteWebElement.java:285)
at org.openqa.selenium.remote.RemoteWebElement.sendKeys(RemoteWebElement.java:106)
at poly.test.Product.PRO10(Product.java:67)
at java.util.ArrayList.forEach(Unknown Source)
... Removed 31 stack frames]]>
    </failure>
  </testcase> <!-- PRO10 -->
  <testcase name="PRO12" time="0.084" classname="poly.test.Product">
    <failure type="org.openqa.selenium.InvalidArgumentException" message="invalid argument: File not found : D:\anh_the.jpg
  (Session info: chrome=83.0.4103.116)
Build info: version: &amp;apos;3.141.59&amp;apos;, revision: &amp;apos;e82be7d358&amp;apos;, time: &amp;apos;2018-11-14T08:25:48&amp;apos;
System info: host: &amp;apos;DESKTOP-NTDIJGK&amp;apos;, ip: &amp;apos;192.168.0.115&amp;apos;, os.name: &amp;apos;Windows 10&amp;apos;, os.arch: &amp;apos;amd64&amp;apos;, os.version: &amp;apos;10.0&amp;apos;, java.version: &amp;apos;1.8.0_251&amp;apos;
Driver info: org.openqa.selenium.chrome.ChromeDriver
Capabilities {acceptInsecureCerts: false, browserName: chrome, browserVersion: 83.0.4103.116, chrome: {chromedriverVersion: 83.0.4103.39 (ccbf011cb2d2b..., userDataDir: C:\Users\ADMIN\AppData\Loca...}, goog:chromeOptions: {debuggerAddress: localhost:58763}, javascriptEnabled: true, networkConnectionEnabled: false, pageLoadStrategy: normal, platform: WINDOWS, platformName: WINDOWS, proxy: Proxy(), setWindowRect: true, strictFileInteractability: false, timeouts: {implicit: 0, pageLoad: 300000, script: 30000}, unhandledPromptBehavior: dismiss and notify, webauthn:virtualAuthenticators: true}
Session ID: ed86aec04da460794591853f1a1c2d13">
      <![CDATA[org.openqa.selenium.InvalidArgumentException: invalid argument: File not found : D:\anh_the.jpg
  (Session info: chrome=83.0.4103.116)
Build info: version: '3.141.59', revision: 'e82be7d358', time: '2018-11-14T08:25:48'
System info: host: 'DESKTOP-NTDIJGK', ip: '192.168.0.115', os.name: 'Windows 10', os.arch: 'amd64', os.version: '10.0', java.version: '1.8.0_251'
Driver info: org.openqa.selenium.chrome.ChromeDriver
Capabilities {acceptInsecureCerts: false, browserName: chrome, browserVersion: 83.0.4103.116, chrome: {chromedriverVersion: 83.0.4103.39 (ccbf011cb2d2b..., userDataDir: C:\Users\ADMIN\AppData\Loca...}, goog:chromeOptions: {debuggerAddress: localhost:58763}, javascriptEnabled: true, networkConnectionEnabled: false, pageLoadStrategy: normal, platform: WINDOWS, platformName: WINDOWS, proxy: Proxy(), setWindowRect: true, strictFileInteractability: false, timeouts: {implicit: 0, pageLoad: 300000, script: 30000}, unhandledPromptBehavior: dismiss and notify, webauthn:virtualAuthenticators: true}
Session ID: ed86aec04da460794591853f1a1c2d13
at org.openqa.selenium.remote.http.W3CHttpResponseCodec.createException(W3CHttpResponseCodec.java:187)
at org.openqa.selenium.remote.http.W3CHttpResponseCodec.decode(W3CHttpResponseCodec.java:122)
at org.openqa.selenium.remote.http.W3CHttpResponseCodec.decode(W3CHttpResponseCodec.java:49)
at org.openqa.selenium.remote.HttpCommandExecutor.execute(HttpCommandExecutor.java:158)
at org.openqa.selenium.remote.service.DriverCommandExecutor.execute(DriverCommandExecutor.java:83)
at org.openqa.selenium.remote.RemoteWebDriver.execute(RemoteWebDriver.java:552)
at org.openqa.selenium.remote.RemoteWebElement.execute(RemoteWebElement.java:285)
at org.openqa.selenium.remote.RemoteWebElement.sendKeys(RemoteWebElement.java:106)
at poly.test.Product.PRO12(Product.java:51)
at java.util.ArrayList.forEach(Unknown Source)
... Removed 31 stack frames]]>
    </failure>
  </testcase> <!-- PRO12 -->
  <testcase name="PRO14" time="3.359" classname="poly.test.Product">
    <failure type="java.lang.AssertionError" message="expected [tuong1] but found [cam ep11111]">
      <![CDATA[java.lang.AssertionError: expected [tuong1] but found [cam ep11111]
at poly.test.Product.PRO14(Product.java:94)
at java.util.ArrayList.forEach(Unknown Source)
... Removed 32 stack frames]]>
    </failure>
  </testcase> <!-- PRO14 -->
  <testcase name="PRO08" time="1.651" classname="poly.test.Product">
    <failure type="java.lang.AssertionError" message="expected [16] but found [2]">
      <![CDATA[java.lang.AssertionError: expected [16] but found [2]
at poly.test.Product.PRO08(Product.java:105)
at java.util.ArrayList.forEach(Unknown Source)
... Removed 32 stack frames]]>
    </failure>
  </testcase> <!-- PRO08 -->
  <testcase name="PRO05" time="1.69" classname="poly.test.Product"/>
  <testcase name="ACC05" time="2.238" classname="poly.test.Sale"/>
  <testcase name="SALE06" time="2.224" classname="poly.test.Sale"/>
  <testcase name="SALE07" time="2.553" classname="poly.test.Sale"/>
  <testcase name="SALE08" time="1.16" classname="poly.test.Sale"/>
  <testcase name="CAT04" time="1.365" classname="poly.test.Sale"/>
</testsuite> <!-- Regression suite 1 -->
