<html>
<head>
<title>TestNG:  Regression suite 1</title>
<link href="../testng.css" rel="stylesheet" type="text/css" />
<link href="../my-testng.css" rel="stylesheet" type="text/css" />

<style type="text/css">
.log { display: none;} 
.stack-trace { display: none;} 
</style>
<script type="text/javascript">
<!--
function flip(e) {
  current = e.style.display;
  if (current == 'block') {
    e.style.display = 'none';
    return 0;
  }
  else {
    e.style.display = 'block';
    return 1;
  }
}

function toggleBox(szDivId, elem, msg1, msg2)
{
  var res = -1;  if (document.getElementById) {
    res = flip(document.getElementById(szDivId));
  }
  else if (document.all) {
    // this is the way old msie versions work
    res = flip(document.all[szDivId]);
  }
  if(elem) {
    if(res == 0) elem.innerHTML = msg1; else elem.innerHTML = msg2;
  }

}

function toggleAllBoxes() {
  if (document.getElementsByTagName) {
    d = document.getElementsByTagName('div');
    for (i = 0; i < d.length; i++) {
      if (d[i].className == 'log') {
        flip(d[i]);
      }
    }
  }
}

// -->
</script>

</head>
<body>
<h2 align='center'>Regression suite 1</h2><table border='1' align="center">
<tr>
<td>Tests passed/Failed/Skipped:</td><td>26/4/0</td>
</tr><tr>
<td>Started on:</td><td>Thu Jun 18 19:13:03 ICT 2020</td>
</tr>
<tr><td>Total time:</td><td>81 seconds (81742 ms)</td>
</tr><tr>
<td>Included groups:</td><td></td>
</tr><tr>
<td>Excluded groups:</td><td></td>
</tr>
</table><p/>
<small><i>(Hover the method name to see the test class name)</i></small><p/>
<table width='100%' border='1' class='invocation-failed'>
<tr><td colspan='4' align='center'><b>FAILED TESTS</b></td></tr>
<tr><td><b>Test method</b></td>
<td width="30%"><b>Exception</b></td>
<td width="10%"><b>Time (seconds)</b></td>
<td><b>Instance</b></td>
</tr>
<tr>
<td title='poly.test.Login.LOG01()'><b>LOG01</b><br>Test class: poly.test.Login</td>
<td><div><pre>java.lang.AssertionError: expected [404 HTML Template by Colorlib] but found [HTTP Status 500 – Internal Server Error]
	at poly.test.Login.LOG01(Login.java:31)
	at java.util.ArrayList.forEach(Unknown Source)
... Removed 32 stack frames</pre></div><a href='#' onClick='toggleBox("stack-trace799260198", this, "Click to show all stack frames", "Click to hide stack frames")'>Click to show all stack frames</a>
<div class='stack-trace' id='stack-trace799260198'><pre>java.lang.AssertionError: expected [404 HTML Template by Colorlib] but found [HTTP Status 500 – Internal Server Error]
	at org.testng.Assert.fail(Assert.java:97)
	at org.testng.Assert.assertEqualsImpl(Assert.java:136)
	at org.testng.Assert.assertEquals(Assert.java:118)
	at org.testng.Assert.assertEquals(Assert.java:575)
	at org.testng.Assert.assertEquals(Assert.java:585)
	at poly.test.Login.LOG01(Login.java:31)
	at sun.reflect.NativeMethodAccessorImpl.invoke0(Native Method)
	at sun.reflect.NativeMethodAccessorImpl.invoke(Unknown Source)
	at sun.reflect.DelegatingMethodAccessorImpl.invoke(Unknown Source)
	at java.lang.reflect.Method.invoke(Unknown Source)
	at org.testng.internal.MethodInvocationHelper.invokeMethod(MethodInvocationHelper.java:135)
	at org.testng.internal.TestInvoker.invokeMethod(TestInvoker.java:598)
	at org.testng.internal.TestInvoker.invokeTestMethod(TestInvoker.java:174)
	at org.testng.internal.MethodRunner.runInSequence(MethodRunner.java:46)
	at org.testng.internal.TestInvoker$MethodInvocationAgent.invoke(TestInvoker.java:821)
	at org.testng.internal.TestInvoker.invokeTestMethods(TestInvoker.java:147)
	at org.testng.internal.TestMethodWorker.invokeTestMethods(TestMethodWorker.java:146)
	at org.testng.internal.TestMethodWorker.run(TestMethodWorker.java:128)
	at java.util.ArrayList.forEach(Unknown Source)
	at org.testng.TestRunner.privateRun(TestRunner.java:767)
	at org.testng.TestRunner.run(TestRunner.java:588)
	at org.testng.SuiteRunner.runTest(SuiteRunner.java:384)
	at org.testng.SuiteRunner.runSequentially(SuiteRunner.java:378)
	at org.testng.SuiteRunner.privateRun(SuiteRunner.java:337)
	at org.testng.SuiteRunner.run(SuiteRunner.java:286)
	at org.testng.SuiteRunnerWorker.runSuite(SuiteRunnerWorker.java:53)
	at org.testng.SuiteRunnerWorker.run(SuiteRunnerWorker.java:96)
	at org.testng.TestNG.runSuitesSequentially(TestNG.java:1214)
	at org.testng.TestNG.runSuitesLocally(TestNG.java:1136)
	at org.testng.TestNG.runSuites(TestNG.java:1066)
	at org.testng.TestNG.run(TestNG.java:1034)
	at org.testng.remote.AbstractRemoteTestNG.run(AbstractRemoteTestNG.java:115)
	at org.testng.remote.RemoteTestNG.initAndRun(RemoteTestNG.java:251)
	at org.testng.remote.RemoteTestNG.main(RemoteTestNG.java:77)
</pre></div></td>
<td>1</td>
<td>poly.test.Login@3444d69d</td></tr>
<tr>
<td title='poly.test.Login.LOG02()'><b>LOG02</b><br>Test class: poly.test.Login</td>
<td><div><pre>java.lang.AssertionError: expected [http://localhost:8080/PS09298ASM/login.htm] but found [http://localhost:8080/PS09298ASM/index.jsp/manage/product.htm]
	at poly.test.Login.LOG02(Login.java:37)
	at java.util.ArrayList.forEach(Unknown Source)
... Removed 32 stack frames</pre></div><a href='#' onClick='toggleBox("stack-trace238467882", this, "Click to show all stack frames", "Click to hide stack frames")'>Click to show all stack frames</a>
<div class='stack-trace' id='stack-trace238467882'><pre>java.lang.AssertionError: expected [http://localhost:8080/PS09298ASM/login.htm] but found [http://localhost:8080/PS09298ASM/index.jsp/manage/product.htm]
	at org.testng.Assert.fail(Assert.java:97)
	at org.testng.Assert.assertEqualsImpl(Assert.java:136)
	at org.testng.Assert.assertEquals(Assert.java:118)
	at org.testng.Assert.assertEquals(Assert.java:575)
	at org.testng.Assert.assertEquals(Assert.java:585)
	at poly.test.Login.LOG02(Login.java:37)
	at sun.reflect.NativeMethodAccessorImpl.invoke0(Native Method)
	at sun.reflect.NativeMethodAccessorImpl.invoke(Unknown Source)
	at sun.reflect.DelegatingMethodAccessorImpl.invoke(Unknown Source)
	at java.lang.reflect.Method.invoke(Unknown Source)
	at org.testng.internal.MethodInvocationHelper.invokeMethod(MethodInvocationHelper.java:135)
	at org.testng.internal.TestInvoker.invokeMethod(TestInvoker.java:598)
	at org.testng.internal.TestInvoker.invokeTestMethod(TestInvoker.java:174)
	at org.testng.internal.MethodRunner.runInSequence(MethodRunner.java:46)
	at org.testng.internal.TestInvoker$MethodInvocationAgent.invoke(TestInvoker.java:821)
	at org.testng.internal.TestInvoker.invokeTestMethods(TestInvoker.java:147)
	at org.testng.internal.TestMethodWorker.invokeTestMethods(TestMethodWorker.java:146)
	at org.testng.internal.TestMethodWorker.run(TestMethodWorker.java:128)
	at java.util.ArrayList.forEach(Unknown Source)
	at org.testng.TestRunner.privateRun(TestRunner.java:767)
	at org.testng.TestRunner.run(TestRunner.java:588)
	at org.testng.SuiteRunner.runTest(SuiteRunner.java:384)
	at org.testng.SuiteRunner.runSequentially(SuiteRunner.java:378)
	at org.testng.SuiteRunner.privateRun(SuiteRunner.java:337)
	at org.testng.SuiteRunner.run(SuiteRunner.java:286)
	at org.testng.SuiteRunnerWorker.runSuite(SuiteRunnerWorker.java:53)
	at org.testng.SuiteRunnerWorker.run(SuiteRunnerWorker.java:96)
	at org.testng.TestNG.runSuitesSequentially(TestNG.java:1214)
	at org.testng.TestNG.runSuitesLocally(TestNG.java:1136)
	at org.testng.TestNG.runSuites(TestNG.java:1066)
	at org.testng.TestNG.run(TestNG.java:1034)
	at org.testng.remote.AbstractRemoteTestNG.run(AbstractRemoteTestNG.java:115)
	at org.testng.remote.RemoteTestNG.initAndRun(RemoteTestNG.java:251)
	at org.testng.remote.RemoteTestNG.main(RemoteTestNG.java:77)
</pre></div></td>
<td>0</td>
<td>poly.test.Login@3444d69d</td></tr>
<tr>
<td title='poly.test.Product.PRO14()'><b>PRO14</b><br>Test class: poly.test.Product</td>
<td><div><pre>java.lang.AssertionError: expected [tuong1] but found [cam ep11]
	at poly.test.Product.PRO14(Product.java:94)
	at java.util.ArrayList.forEach(Unknown Source)
... Removed 32 stack frames</pre></div><a href='#' onClick='toggleBox("stack-trace2030458766", this, "Click to show all stack frames", "Click to hide stack frames")'>Click to show all stack frames</a>
<div class='stack-trace' id='stack-trace2030458766'><pre>java.lang.AssertionError: expected [tuong1] but found [cam ep11]
	at org.testng.Assert.fail(Assert.java:97)
	at org.testng.Assert.assertEqualsImpl(Assert.java:136)
	at org.testng.Assert.assertEquals(Assert.java:118)
	at org.testng.Assert.assertEquals(Assert.java:575)
	at org.testng.Assert.assertEquals(Assert.java:585)
	at poly.test.Product.PRO14(Product.java:94)
	at sun.reflect.NativeMethodAccessorImpl.invoke0(Native Method)
	at sun.reflect.NativeMethodAccessorImpl.invoke(Unknown Source)
	at sun.reflect.DelegatingMethodAccessorImpl.invoke(Unknown Source)
	at java.lang.reflect.Method.invoke(Unknown Source)
	at org.testng.internal.MethodInvocationHelper.invokeMethod(MethodInvocationHelper.java:135)
	at org.testng.internal.TestInvoker.invokeMethod(TestInvoker.java:598)
	at org.testng.internal.TestInvoker.invokeTestMethod(TestInvoker.java:174)
	at org.testng.internal.MethodRunner.runInSequence(MethodRunner.java:46)
	at org.testng.internal.TestInvoker$MethodInvocationAgent.invoke(TestInvoker.java:821)
	at org.testng.internal.TestInvoker.invokeTestMethods(TestInvoker.java:147)
	at org.testng.internal.TestMethodWorker.invokeTestMethods(TestMethodWorker.java:146)
	at org.testng.internal.TestMethodWorker.run(TestMethodWorker.java:128)
	at java.util.ArrayList.forEach(Unknown Source)
	at org.testng.TestRunner.privateRun(TestRunner.java:767)
	at org.testng.TestRunner.run(TestRunner.java:588)
	at org.testng.SuiteRunner.runTest(SuiteRunner.java:384)
	at org.testng.SuiteRunner.runSequentially(SuiteRunner.java:378)
	at org.testng.SuiteRunner.privateRun(SuiteRunner.java:337)
	at org.testng.SuiteRunner.run(SuiteRunner.java:286)
	at org.testng.SuiteRunnerWorker.runSuite(SuiteRunnerWorker.java:53)
	at org.testng.SuiteRunnerWorker.run(SuiteRunnerWorker.java:96)
	at org.testng.TestNG.runSuitesSequentially(TestNG.java:1214)
	at org.testng.TestNG.runSuitesLocally(TestNG.java:1136)
	at org.testng.TestNG.runSuites(TestNG.java:1066)
	at org.testng.TestNG.run(TestNG.java:1034)
	at org.testng.remote.AbstractRemoteTestNG.run(AbstractRemoteTestNG.java:115)
	at org.testng.remote.RemoteTestNG.initAndRun(RemoteTestNG.java:251)
	at org.testng.remote.RemoteTestNG.main(RemoteTestNG.java:77)
</pre></div></td>
<td>1</td>
<td>poly.test.Product@1372ed45</td></tr>
<tr>
<td title='poly.test.Product.SALE08()'><b>SALE08</b><br>Test class: poly.test.Product</td>
<td><div><pre>java.lang.AssertionError: expected [16] but found [2]
	at poly.test.Product.SALE08(Product.java:105)
	at java.util.ArrayList.forEach(Unknown Source)
... Removed 32 stack frames</pre></div><a href='#' onClick='toggleBox("stack-trace1089341986", this, "Click to show all stack frames", "Click to hide stack frames")'>Click to show all stack frames</a>
<div class='stack-trace' id='stack-trace1089341986'><pre>java.lang.AssertionError: expected [16] but found [2]
	at org.testng.Assert.fail(Assert.java:97)
	at org.testng.Assert.assertEqualsImpl(Assert.java:136)
	at org.testng.Assert.assertEquals(Assert.java:118)
	at org.testng.Assert.assertEquals(Assert.java:839)
	at org.testng.Assert.assertEquals(Assert.java:849)
	at poly.test.Product.SALE08(Product.java:105)
	at sun.reflect.NativeMethodAccessorImpl.invoke0(Native Method)
	at sun.reflect.NativeMethodAccessorImpl.invoke(Unknown Source)
	at sun.reflect.DelegatingMethodAccessorImpl.invoke(Unknown Source)
	at java.lang.reflect.Method.invoke(Unknown Source)
	at org.testng.internal.MethodInvocationHelper.invokeMethod(MethodInvocationHelper.java:135)
	at org.testng.internal.TestInvoker.invokeMethod(TestInvoker.java:598)
	at org.testng.internal.TestInvoker.invokeTestMethod(TestInvoker.java:174)
	at org.testng.internal.MethodRunner.runInSequence(MethodRunner.java:46)
	at org.testng.internal.TestInvoker$MethodInvocationAgent.invoke(TestInvoker.java:821)
	at org.testng.internal.TestInvoker.invokeTestMethods(TestInvoker.java:147)
	at org.testng.internal.TestMethodWorker.invokeTestMethods(TestMethodWorker.java:146)
	at org.testng.internal.TestMethodWorker.run(TestMethodWorker.java:128)
	at java.util.ArrayList.forEach(Unknown Source)
	at org.testng.TestRunner.privateRun(TestRunner.java:767)
	at org.testng.TestRunner.run(TestRunner.java:588)
	at org.testng.SuiteRunner.runTest(SuiteRunner.java:384)
	at org.testng.SuiteRunner.runSequentially(SuiteRunner.java:378)
	at org.testng.SuiteRunner.privateRun(SuiteRunner.java:337)
	at org.testng.SuiteRunner.run(SuiteRunner.java:286)
	at org.testng.SuiteRunnerWorker.runSuite(SuiteRunnerWorker.java:53)
	at org.testng.SuiteRunnerWorker.run(SuiteRunnerWorker.java:96)
	at org.testng.TestNG.runSuitesSequentially(TestNG.java:1214)
	at org.testng.TestNG.runSuitesLocally(TestNG.java:1136)
	at org.testng.TestNG.runSuites(TestNG.java:1066)
	at org.testng.TestNG.run(TestNG.java:1034)
	at org.testng.remote.AbstractRemoteTestNG.run(AbstractRemoteTestNG.java:115)
	at org.testng.remote.RemoteTestNG.initAndRun(RemoteTestNG.java:251)
	at org.testng.remote.RemoteTestNG.main(RemoteTestNG.java:77)
</pre></div></td>
<td>0</td>
<td>poly.test.Product@1372ed45</td></tr>
</table><p>
<table width='100%' border='1' class='invocation-passed'>
<tr><td colspan='4' align='center'><b>PASSED TESTS</b></td></tr>
<tr><td><b>Test method</b></td>
<td width="30%"><b>Exception</b></td>
<td width="10%"><b>Time (seconds)</b></td>
<td><b>Instance</b></td>
</tr>
<tr>
<td title='poly.test.Account.ACC04()'><b>ACC04</b><br>Test class: poly.test.Account</td>
<td></td>
<td>0</td>
<td>poly.test.Account@120d6fe6</td></tr>
<tr>
<td title='poly.test.Account.ACC05()'><b>ACC05</b><br>Test class: poly.test.Account</td>
<td></td>
<td>0</td>
<td>poly.test.Account@120d6fe6</td></tr>
<tr>
<td title='poly.test.Sale.ACC05()'><b>ACC05</b><br>Test class: poly.test.Sale</td>
<td></td>
<td>0</td>
<td>poly.test.Sale@6a79c292</td></tr>
<tr>
<td title='poly.test.Account.ACC06()'><b>ACC06</b><br>Test class: poly.test.Account</td>
<td></td>
<td>0</td>
<td>poly.test.Account@120d6fe6</td></tr>
<tr>
<td title='poly.test.Account.ACC07()'><b>ACC07</b><br>Test class: poly.test.Account</td>
<td></td>
<td>2</td>
<td>poly.test.Account@120d6fe6</td></tr>
<tr>
<td title='poly.test.Account.ACC08()'><b>ACC08</b><br>Test class: poly.test.Account</td>
<td></td>
<td>1</td>
<td>poly.test.Account@120d6fe6</td></tr>
<tr>
<td title='poly.test.Account.ACC09()'><b>ACC09</b><br>Test class: poly.test.Account</td>
<td></td>
<td>0</td>
<td>poly.test.Account@120d6fe6</td></tr>
<tr>
<td title='poly.test.Category.CAT04()'><b>CAT04</b><br>Test class: poly.test.Category</td>
<td></td>
<td>0</td>
<td>poly.test.Category@4ba2ca36</td></tr>
<tr>
<td title='poly.test.Sale.CAT04()'><b>CAT04</b><br>Test class: poly.test.Sale</td>
<td></td>
<td>0</td>
<td>poly.test.Sale@6a79c292</td></tr>
<tr>
<td title='poly.test.Category.CAT05()'><b>CAT05</b><br>Test class: poly.test.Category</td>
<td></td>
<td>0</td>
<td>poly.test.Category@4ba2ca36</td></tr>
<tr>
<td title='poly.test.Category.CAT06()'><b>CAT06</b><br>Test class: poly.test.Category</td>
<td></td>
<td>1</td>
<td>poly.test.Category@4ba2ca36</td></tr>
<tr>
<td title='poly.test.Category.CAT07()'><b>CAT07</b><br>Test class: poly.test.Category</td>
<td></td>
<td>0</td>
<td>poly.test.Category@4ba2ca36</td></tr>
<tr>
<td title='poly.test.Category.CAT08()'><b>CAT08</b><br>Test class: poly.test.Category</td>
<td></td>
<td>0</td>
<td>poly.test.Category@4ba2ca36</td></tr>
<tr>
<td title='poly.test.Category.CAT09()'><b>CAT09</b><br>Test class: poly.test.Category</td>
<td></td>
<td>0</td>
<td>poly.test.Category@4ba2ca36</td></tr>
<tr>
<td title='poly.test.Login.LOG05()'><b>LOG05</b><br>Test class: poly.test.Login</td>
<td></td>
<td>4</td>
<td>poly.test.Login@3444d69d</td></tr>
<tr>
<td title='poly.test.Login.LOG06()'><b>LOG06</b><br>Test class: poly.test.Login</td>
<td></td>
<td>1</td>
<td>poly.test.Login@3444d69d</td></tr>
<tr>
<td title='poly.test.Login.LOG07()'><b>LOG07</b><br>Test class: poly.test.Login</td>
<td></td>
<td>1</td>
<td>poly.test.Login@3444d69d</td></tr>
<tr>
<td title='poly.test.Login.LOG08()'><b>LOG08</b><br>Test class: poly.test.Login</td>
<td></td>
<td>0</td>
<td>poly.test.Login@3444d69d</td></tr>
<tr>
<td title='poly.test.Login.LOG09()'><b>LOG09</b><br>Test class: poly.test.Login</td>
<td></td>
<td>1</td>
<td>poly.test.Login@3444d69d</td></tr>
<tr>
<td title='poly.test.Product.PRO05()'><b>PRO05</b><br>Test class: poly.test.Product</td>
<td></td>
<td>0</td>
<td>poly.test.Product@1372ed45</td></tr>
<tr>
<td title='poly.test.Product.PRO06()'><b>PRO06</b><br>Test class: poly.test.Product</td>
<td></td>
<td>0</td>
<td>poly.test.Product@1372ed45</td></tr>
<tr>
<td title='poly.test.Product.PRO10()'><b>PRO10</b><br>Test class: poly.test.Product</td>
<td></td>
<td>1</td>
<td>poly.test.Product@1372ed45</td></tr>
<tr>
<td title='poly.test.Product.PRO12()'><b>PRO12</b><br>Test class: poly.test.Product</td>
<td></td>
<td>1</td>
<td>poly.test.Product@1372ed45</td></tr>
<tr>
<td title='poly.test.Sale.SALE06()'><b>SALE06</b><br>Test class: poly.test.Sale</td>
<td></td>
<td>1</td>
<td>poly.test.Sale@6a79c292</td></tr>
<tr>
<td title='poly.test.Sale.SALE07()'><b>SALE07</b><br>Test class: poly.test.Sale</td>
<td></td>
<td>1</td>
<td>poly.test.Sale@6a79c292</td></tr>
<tr>
<td title='poly.test.Sale.SALE08()'><b>SALE08</b><br>Test class: poly.test.Sale</td>
<td></td>
<td>0</td>
<td>poly.test.Sale@6a79c292</td></tr>
</table><p>
</body>
</html>