<!DOCTYPE html PUBLIC "-//W3C//DTD XHTML 1.1//EN" "https://www.w3.org/TR/xhtml11/DTD/xhtml11.dtd">
<html xmlns="https://www.w3.org/1999/xhtml">
<head>
<meta http-equiv="content-type" content="text/html; charset=UTF-8"/>
<title>TestNG Report</title>
<style type="text/css">table {margin-bottom:10px;border-collapse:collapse;empty-cells:show}th,td {border:1px solid #009;padding:.25em .5em}th {vertical-align:bottom}td {vertical-align:top}table a {font-weight:bold}.stripe td {background-color: #E6EBF9}.num {text-align:right}.passedodd td {background-color: #3F3}.passedeven td {background-color: #0A0}.skippedodd td {background-color: #DDD}.skippedeven td {background-color: #CCC}.failedodd td,.attn {background-color: #F33}.failedeven td,.stripe .attn {background-color: #D00}.stacktrace {white-space:pre;font-family:monospace}.totop {font-size:85%;text-align:center;border-bottom:2px solid #000}.invisible {display:none}</style>
</head>
<body>
<table>
<tr><th>Test</th><th># Passed</th><th># Skipped</th><th># Retried</th><th># Failed</th><th>Time (ms)</th><th>Included Groups</th><th>Excluded Groups</th></tr>
<tr><th colspan="8">example suite 1</th></tr>
<tr><td><a href="#t0">Regression suite 1</a></td><td class="num">24</td><td class="num">0</td><td class="num">0</td><td class="num attn">6</td><td class="num">114,277</td><td></td><td></td></tr>
</table>
<table id='summary'><thead><tr><th>Class</th><th>Method</th><th>Start</th><th>Time (ms)</th></tr></thead><tbody><tr><th colspan="4">example suite 1</th></tr></tbody><tbody id="t0"><tr><th colspan="4">Regression suite 1 &#8212; failed</th></tr><tr class="failedeven"><td rowspan="2">poly.test.Login</td><td><a href="#m0">LOG01</a></td><td rowspan="1">1592974307111</td><td rowspan="1">1330</td></tr><tr class="failedeven"><td><a href="#m1">LOG02</a></td><td rowspan="1">1592974308447</td><td rowspan="1">173</td></tr><tr class="failedodd"><td rowspan="4">poly.test.Product</td><td><a href="#m2">PRO08</a></td><td rowspan="1">1592974313605</td><td rowspan="1">1651</td></tr><tr class="failedodd"><td><a href="#m3">PRO10</a></td><td rowspan="1">1592974310023</td><td rowspan="1">130</td></tr><tr class="failedodd"><td><a href="#m4">PRO12</a></td><td rowspan="1">1592974310157</td><td rowspan="1">84</td></tr><tr class="failedodd"><td><a href="#m5">PRO14</a></td><td rowspan="1">1592974310244</td><td rowspan="1">3359</td></tr><tr><th colspan="4">Regression suite 1 &#8212; passed</th></tr><tr class="passedeven"><td rowspan="6">poly.test.Account</td><td><a href="#m6">ACC04</a></td><td rowspan="1">1592974290660</td><td rowspan="1">946</td></tr><tr class="passedeven"><td><a href="#m7">ACC05</a></td><td rowspan="1">1592974282175</td><td rowspan="1">1122</td></tr><tr class="passedeven"><td><a href="#m8">ACC06</a></td><td rowspan="1">1592974283311</td><td rowspan="1">1422</td></tr><tr class="passedeven"><td><a href="#m9">ACC07</a></td><td rowspan="1">1592974284736</td><td rowspan="1">2743</td></tr><tr class="passedeven"><td><a href="#m10">ACC08</a></td><td rowspan="1">1592974287483</td><td rowspan="1">2225</td></tr><tr class="passedeven"><td><a href="#m11">ACC09</a></td><td rowspan="1">1592974289710</td><td rowspan="1">948</td></tr><tr class="passedodd"><td rowspan="6">poly.test.Category</td><td><a href="#m12">CAT04</a></td><td rowspan="1">1592974297165</td><td rowspan="1">1023</td></tr><tr class="passedodd"><td><a href="#m13">CAT05</a></td><td rowspan="1">1592974291608</td><td rowspan="1">951</td></tr><tr class="passedodd"><td><a href="#m14">CAT06</a></td><td rowspan="1">1592974293561</td><td rowspan="1">1385</td></tr><tr class="passedodd"><td><a href="#m15">CAT07</a></td><td rowspan="1">1592974292561</td><td rowspan="1">998</td></tr><tr class="passedodd"><td><a href="#m16">CAT08</a></td><td rowspan="1">1592974294948</td><td rowspan="1">1117</td></tr><tr class="passedodd"><td><a href="#m17">CAT09</a></td><td rowspan="1">1592974296068</td><td rowspan="1">1094</td></tr><tr class="passedeven"><td rowspan="5">poly.test.Login</td><td><a href="#m18">LOG05</a></td><td rowspan="1">1592974298190</td><td rowspan="1">4684</td></tr><tr class="passedeven"><td><a href="#m19">LOG06</a></td><td rowspan="1">1592974302876</td><td rowspan="1">1046</td></tr><tr class="passedeven"><td><a href="#m20">LOG07</a></td><td rowspan="1">1592974303924</td><td rowspan="1">898</td></tr><tr class="passedeven"><td><a href="#m21">LOG08</a></td><td rowspan="1">1592974304824</td><td rowspan="1">294</td></tr><tr class="passedeven"><td><a href="#m22">LOG09</a></td><td rowspan="1">1592974305120</td><td rowspan="1">1987</td></tr><tr class="passedodd"><td rowspan="2">poly.test.Product</td><td><a href="#m23">PRO05</a></td><td rowspan="1">1592974315260</td><td rowspan="1">1690</td></tr><tr class="passedodd"><td><a href="#m24">PRO06</a></td><td rowspan="1">1592974308622</td><td rowspan="1">1400</td></tr><tr class="passedeven"><td rowspan="5">poly.test.Sale</td><td><a href="#m25">ACC05</a></td><td rowspan="1">1592974316952</td><td rowspan="1">2238</td></tr><tr class="passedeven"><td><a href="#m26">CAT04</a></td><td rowspan="1">1592974325134</td><td rowspan="1">1365</td></tr><tr class="passedeven"><td><a href="#m27">SALE06</a></td><td rowspan="1">1592974319193</td><td rowspan="1">2224</td></tr><tr class="passedeven"><td><a href="#m28">SALE07</a></td><td rowspan="1">1592974321418</td><td rowspan="1">2553</td></tr><tr class="passedeven"><td><a href="#m29">SALE08</a></td><td rowspan="1">1592974323973</td><td rowspan="1">1160</td></tr></tbody>
</table>
<h2>Regression suite 1</h2><h3 id="m0">poly.test.Login#LOG01</h3><table class="result"><tr><th>Exception</th></tr><tr><td><div class="stacktrace">java.lang.AssertionError: expected [404 HTML Template by Colorlib] but found [HTTP Status 500 â€“ Internal Server Error]
	at poly.test.Login.LOG01(Login.java:31)
	at java.util.ArrayList.forEach(Unknown Source)
... Removed 32 stack frames</div></td></tr></table><p class="totop"><a href="#summary">back to summary</a></p>
<h3 id="m1">poly.test.Login#LOG02</h3><table class="result"><tr><th>Exception</th></tr><tr><td><div class="stacktrace">java.lang.AssertionError: expected [http://localhost:8080/PS09298ASM/login.htm] but found [http://localhost:8080/PS09298ASM/index.jsp/manage/product.htm]
	at poly.test.Login.LOG02(Login.java:37)
	at java.util.ArrayList.forEach(Unknown Source)
... Removed 32 stack frames</div></td></tr></table><p class="totop"><a href="#summary">back to summary</a></p>
<h3 id="m2">poly.test.Product#PRO08</h3><table class="result"><tr><th>Exception</th></tr><tr><td><div class="stacktrace">java.lang.AssertionError: expected [16] but found [2]
	at poly.test.Product.PRO08(Product.java:105)
	at java.util.ArrayList.forEach(Unknown Source)
... Removed 32 stack frames</div></td></tr></table><p class="totop"><a href="#summary">back to summary</a></p>
<h3 id="m3">poly.test.Product#PRO10</h3><table class="result"><tr><th>Exception</th></tr><tr><td><div class="stacktrace">org.openqa.selenium.InvalidArgumentException: invalid argument: File not found : D:\anh_the.jpg
  (Session info: chrome=83.0.4103.116)
Build info: version: &apos;3.141.59&apos;, revision: &apos;e82be7d358&apos;, time: &apos;2018-11-14T08:25:48&apos;
System info: host: &apos;DESKTOP-NTDIJGK&apos;, ip: &apos;192.168.0.115&apos;, os.name: &apos;Windows 10&apos;, os.arch: &apos;amd64&apos;, os.version: &apos;10.0&apos;, java.version: &apos;1.8.0_251&apos;
Driver info: org.openqa.selenium.chrome.ChromeDriver
Capabilities {acceptInsecureCerts: false, browserName: chrome, browserVersion: 83.0.4103.116, chrome: {chromedriverVersion: 83.0.4103.39 (ccbf011cb2d2b..., userDataDir: C:\Users\ADMIN\AppData\Loca...}, goog:chromeOptions: {debuggerAddress: localhost:58763}, javascriptEnabled: true, networkConnectionEnabled: false, pageLoadStrategy: normal, platform: WINDOWS, platformName: WINDOWS, proxy: Proxy(), setWindowRect: true, strictFileInteractability: false, timeouts: {implicit: 0, pageLoad: 300000, script: 30000}, unhandledPromptBehavior: dismiss and notify, webauthn:virtualAuthenticators: true}
Session ID: ed86aec04da460794591853f1a1c2d13
	at org.openqa.selenium.remote.http.W3CHttpResponseCodec.createException(W3CHttpResponseCodec.java:187)
	at org.openqa.selenium.remote.http.W3CHttpResponseCodec.decode(W3CHttpResponseCodec.java:122)
	at org.openqa.selenium.remote.http.W3CHttpResponseCodec.decode(W3CHttpResponseCodec.java:49)
	at org.openqa.selenium.remote.HttpCommandExecutor.execute(HttpCommandExecutor.java:158)
	at org.openqa.selenium.remote.service.DriverCommandExecutor.execute(DriverCommandExecutor.java:83)
	at org.openqa.selenium.remote.RemoteWebDriver.execute(RemoteWebDriver.java:552)
	at org.openqa.selenium.remote.RemoteWebElement.execute(RemoteWebElement.java:285)
	at org.openqa.selenium.remote.RemoteWebElement.sendKeys(RemoteWebElement.java:106)
	at poly.test.Product.PRO10(Product.java:67)
	at java.util.ArrayList.forEach(Unknown Source)
... Removed 31 stack frames</div></td></tr></table><p class="totop"><a href="#summary">back to summary</a></p>
<h3 id="m4">poly.test.Product#PRO12</h3><table class="result"><tr><th>Exception</th></tr><tr><td><div class="stacktrace">org.openqa.selenium.InvalidArgumentException: invalid argument: File not found : D:\anh_the.jpg
  (Session info: chrome=83.0.4103.116)
Build info: version: &apos;3.141.59&apos;, revision: &apos;e82be7d358&apos;, time: &apos;2018-11-14T08:25:48&apos;
System info: host: &apos;DESKTOP-NTDIJGK&apos;, ip: &apos;192.168.0.115&apos;, os.name: &apos;Windows 10&apos;, os.arch: &apos;amd64&apos;, os.version: &apos;10.0&apos;, java.version: &apos;1.8.0_251&apos;
Driver info: org.openqa.selenium.chrome.ChromeDriver
Capabilities {acceptInsecureCerts: false, browserName: chrome, browserVersion: 83.0.4103.116, chrome: {chromedriverVersion: 83.0.4103.39 (ccbf011cb2d2b..., userDataDir: C:\Users\ADMIN\AppData\Loca...}, goog:chromeOptions: {debuggerAddress: localhost:58763}, javascriptEnabled: true, networkConnectionEnabled: false, pageLoadStrategy: normal, platform: WINDOWS, platformName: WINDOWS, proxy: Proxy(), setWindowRect: true, strictFileInteractability: false, timeouts: {implicit: 0, pageLoad: 300000, script: 30000}, unhandledPromptBehavior: dismiss and notify, webauthn:virtualAuthenticators: true}
Session ID: ed86aec04da460794591853f1a1c2d13
	at org.openqa.selenium.remote.http.W3CHttpResponseCodec.createException(W3CHttpResponseCodec.java:187)
	at org.openqa.selenium.remote.http.W3CHttpResponseCodec.decode(W3CHttpResponseCodec.java:122)
	at org.openqa.selenium.remote.http.W3CHttpResponseCodec.decode(W3CHttpResponseCodec.java:49)
	at org.openqa.selenium.remote.HttpCommandExecutor.execute(HttpCommandExecutor.java:158)
	at org.openqa.selenium.remote.service.DriverCommandExecutor.execute(DriverCommandExecutor.java:83)
	at org.openqa.selenium.remote.RemoteWebDriver.execute(RemoteWebDriver.java:552)
	at org.openqa.selenium.remote.RemoteWebElement.execute(RemoteWebElement.java:285)
	at org.openqa.selenium.remote.RemoteWebElement.sendKeys(RemoteWebElement.java:106)
	at poly.test.Product.PRO12(Product.java:51)
	at java.util.ArrayList.forEach(Unknown Source)
... Removed 31 stack frames</div></td></tr></table><p class="totop"><a href="#summary">back to summary</a></p>
<h3 id="m5">poly.test.Product#PRO14</h3><table class="result"><tr><th>Exception</th></tr><tr><td><div class="stacktrace">java.lang.AssertionError: expected [tuong1] but found [cam ep11111]
	at poly.test.Product.PRO14(Product.java:94)
	at java.util.ArrayList.forEach(Unknown Source)
... Removed 32 stack frames</div></td></tr></table><p class="totop"><a href="#summary">back to summary</a></p>
<h3 id="m6">poly.test.Account#ACC04</h3><table class="result"><tr><th class="invisible"/></tr></table><p class="totop"><a href="#summary">back to summary</a></p>
<h3 id="m7">poly.test.Account#ACC05</h3><table class="result"><tr><th class="invisible"/></tr></table><p class="totop"><a href="#summary">back to summary</a></p>
<h3 id="m8">poly.test.Account#ACC06</h3><table class="result"><tr><th class="invisible"/></tr></table><p class="totop"><a href="#summary">back to summary</a></p>
<h3 id="m9">poly.test.Account#ACC07</h3><table class="result"><tr><th class="invisible"/></tr></table><p class="totop"><a href="#summary">back to summary</a></p>
<h3 id="m10">poly.test.Account#ACC08</h3><table class="result"><tr><th class="invisible"/></tr></table><p class="totop"><a href="#summary">back to summary</a></p>
<h3 id="m11">poly.test.Account#ACC09</h3><table class="result"><tr><th class="invisible"/></tr></table><p class="totop"><a href="#summary">back to summary</a></p>
<h3 id="m12">poly.test.Category#CAT04</h3><table class="result"><tr><th class="invisible"/></tr></table><p class="totop"><a href="#summary">back to summary</a></p>
<h3 id="m13">poly.test.Category#CAT05</h3><table class="result"><tr><th class="invisible"/></tr></table><p class="totop"><a href="#summary">back to summary</a></p>
<h3 id="m14">poly.test.Category#CAT06</h3><table class="result"><tr><th class="invisible"/></tr></table><p class="totop"><a href="#summary">back to summary</a></p>
<h3 id="m15">poly.test.Category#CAT07</h3><table class="result"><tr><th class="invisible"/></tr></table><p class="totop"><a href="#summary">back to summary</a></p>
<h3 id="m16">poly.test.Category#CAT08</h3><table class="result"><tr><th class="invisible"/></tr></table><p class="totop"><a href="#summary">back to summary</a></p>
<h3 id="m17">poly.test.Category#CAT09</h3><table class="result"><tr><th class="invisible"/></tr></table><p class="totop"><a href="#summary">back to summary</a></p>
<h3 id="m18">poly.test.Login#LOG05</h3><table class="result"><tr><th class="invisible"/></tr></table><p class="totop"><a href="#summary">back to summary</a></p>
<h3 id="m19">poly.test.Login#LOG06</h3><table class="result"><tr><th class="invisible"/></tr></table><p class="totop"><a href="#summary">back to summary</a></p>
<h3 id="m20">poly.test.Login#LOG07</h3><table class="result"><tr><th class="invisible"/></tr></table><p class="totop"><a href="#summary">back to summary</a></p>
<h3 id="m21">poly.test.Login#LOG08</h3><table class="result"><tr><th class="invisible"/></tr></table><p class="totop"><a href="#summary">back to summary</a></p>
<h3 id="m22">poly.test.Login#LOG09</h3><table class="result"><tr><th class="invisible"/></tr></table><p class="totop"><a href="#summary">back to summary</a></p>
<h3 id="m23">poly.test.Product#PRO05</h3><table class="result"><tr><th class="invisible"/></tr></table><p class="totop"><a href="#summary">back to summary</a></p>
<h3 id="m24">poly.test.Product#PRO06</h3><table class="result"><tr><th class="invisible"/></tr></table><p class="totop"><a href="#summary">back to summary</a></p>
<h3 id="m25">poly.test.Sale#ACC05</h3><table class="result"><tr><th class="invisible"/></tr></table><p class="totop"><a href="#summary">back to summary</a></p>
<h3 id="m26">poly.test.Sale#CAT04</h3><table class="result"><tr><th class="invisible"/></tr></table><p class="totop"><a href="#summary">back to summary</a></p>
<h3 id="m27">poly.test.Sale#SALE06</h3><table class="result"><tr><th class="invisible"/></tr></table><p class="totop"><a href="#summary">back to summary</a></p>
<h3 id="m28">poly.test.Sale#SALE07</h3><table class="result"><tr><th class="invisible"/></tr></table><p class="totop"><a href="#summary">back to summary</a></p>
<h3 id="m29">poly.test.Sale#SALE08</h3><table class="result"><tr><th class="invisible"/></tr></table><p class="totop"><a href="#summary">back to summary</a></p>
</body>
</html>
