<?xml version="1.0" encoding="UTF-8"?>
<testng-results skipped="0" failed="6" ignored="0" total="30" passed="24">
  <reporter-output>
  </reporter-output>
  <suite name="example suite 1" duration-ms="114277" started-at="2020-06-24T11:50:21 ICT" finished-at="2020-06-24T11:52:15 ICT">
    <groups>
    </groups>
    <test name="Regression suite 1" duration-ms="114277" started-at="2020-06-24T11:50:21 ICT" finished-at="2020-06-24T11:52:15 ICT">
      <class name="poly.test.Product">
        <test-method status="PASS" signature="launchBrowser()[pri:0, instance:poly.test.Product@5606c0b]" name="launchBrowser" is-config="true" duration-ms="14392" started-at="2020-06-24T11:50:55 ICT" finished-at="2020-06-24T11:51:09 ICT">
          <reporter-output>
          </reporter-output>
        </test-method> <!-- launchBrowser -->
        <test-method status="PASS" signature="PRO06()[pri:0, instance:poly.test.Product@5606c0b]" name="PRO06" duration-ms="1400" started-at="2020-06-24T11:51:48 ICT" finished-at="2020-06-24T11:51:50 ICT">
          <reporter-output>
          </reporter-output>
        </test-method> <!-- PRO06 -->
        <test-method status="FAIL" signature="PRO10()[pri:0, instance:poly.test.Product@5606c0b]" name="PRO10" duration-ms="130" started-at="2020-06-24T11:51:50 ICT" finished-at="2020-06-24T11:51:50 ICT">
          <exception class="org.openqa.selenium.InvalidArgumentException">
            <message>
              <![CDATA[invalid argument: File not found : D:\anh_the.jpg
  (Session info: chrome=83.0.4103.116)
Build info: version: '3.141.59', revision: 'e82be7d358', time: '2018-11-14T08:25:48'
System info: host: 'DESKTOP-NTDIJGK', ip: '192.168.0.115', os.name: 'Windows 10', os.arch: 'amd64', os.version: '10.0', java.version: '1.8.0_251'
Driver info: org.openqa.selenium.chrome.ChromeDriver
Capabilities {acceptInsecureCerts: false, browserName: chrome, browserVersion: 83.0.4103.116, chrome: {chromedriverVersion: 83.0.4103.39 (ccbf011cb2d2b..., userDataDir: C:\Users\ADMIN\AppData\Loca...}, goog:chromeOptions: {debuggerAddress: localhost:58763}, javascriptEnabled: true, networkConnectionEnabled: false, pageLoadStrategy: normal, platform: WINDOWS, platformName: WINDOWS, proxy: Proxy(), setWindowRect: true, strictFileInteractability: false, timeouts: {implicit: 0, pageLoad: 300000, script: 30000}, unhandledPromptBehavior: dismiss and notify, webauthn:virtualAuthenticators: true}
Session ID: ed86aec04da460794591853f1a1c2d13]]>
            </message>
            <full-stacktrace>
              <![CDATA[org.openqa.selenium.InvalidArgumentException: invalid argument: File not found : D:\anh_the.jpg
  (Session info: chrome=83.0.4103.116)
Build info: version: '3.141.59', revision: 'e82be7d358', time: '2018-11-14T08:25:48'
System info: host: 'DESKTOP-NTDIJGK', ip: '192.168.0.115', os.name: 'Windows 10', os.arch: 'amd64', os.version: '10.0', java.version: '1.8.0_251'
Driver info: org.openqa.selenium.chrome.ChromeDriver
Capabilities {acceptInsecureCerts: false, browserName: chrome, browserVersion: 83.0.4103.116, chrome: {chromedriverVersion: 83.0.4103.39 (ccbf011cb2d2b..., userDataDir: C:\Users\ADMIN\AppData\Loca...}, goog:chromeOptions: {debuggerAddress: localhost:58763}, javascriptEnabled: true, networkConnectionEnabled: false, pageLoadStrategy: normal, platform: WINDOWS, platformName: WINDOWS, proxy: Proxy(), setWindowRect: true, strictFileInteractability: false, timeouts: {implicit: 0, pageLoad: 300000, script: 30000}, unhandledPromptBehavior: dismiss and notify, webauthn:virtualAuthenticators: true}
Session ID: ed86aec04da460794591853f1a1c2d13
at sun.reflect.NativeConstructorAccessorImpl.newInstance0(Native Method)
at sun.reflect.NativeConstructorAccessorImpl.newInstance(Unknown Source)
at sun.reflect.DelegatingConstructorAccessorImpl.newInstance(Unknown Source)
at java.lang.reflect.Constructor.newInstance(Unknown Source)
at org.openqa.selenium.remote.http.W3CHttpResponseCodec.createException(W3CHttpResponseCodec.java:187)
at org.openqa.selenium.remote.http.W3CHttpResponseCodec.decode(W3CHttpResponseCodec.java:122)
at org.openqa.selenium.remote.http.W3CHttpResponseCodec.decode(W3CHttpResponseCodec.java:49)
at org.openqa.selenium.remote.HttpCommandExecutor.execute(HttpCommandExecutor.java:158)
at org.openqa.selenium.remote.service.DriverCommandExecutor.execute(DriverCommandExecutor.java:83)
at org.openqa.selenium.remote.RemoteWebDriver.execute(RemoteWebDriver.java:552)
at org.openqa.selenium.remote.RemoteWebElement.execute(RemoteWebElement.java:285)
at org.openqa.selenium.remote.RemoteWebElement.sendKeys(RemoteWebElement.java:106)
at poly.test.Product.PRO10(Product.java:67)
at sun.reflect.NativeMethodAccessorImpl.invoke0(Native Method)
at sun.reflect.NativeMethodAccessorImpl.invoke(Unknown Source)
at sun.reflect.DelegatingMethodAccessorImpl.invoke(Unknown Source)
at java.lang.reflect.Method.invoke(Unknown Source)
at org.testng.internal.MethodInvocationHelper.invokeMethod(MethodInvocationHelper.java:135)
at org.testng.internal.TestInvoker.invokeMethod(TestInvoker.java:598)
at org.testng.internal.TestInvoker.invokeTestMethod(TestInvoker.java:174)
at org.testng.internal.MethodRunner.runInSequence(MethodRunner.java:46)
at org.testng.internal.TestInvoker$MethodInvocationAgent.invoke(TestInvoker.java:821)
at org.testng.internal.TestInvoker.invokeTestMethods(TestInvoker.java:147)
at org.testng.internal.TestMethodWorker.invokeTestMethods(TestMethodWorker.java:146)
at org.testng.internal.TestMethodWorker.run(TestMethodWorker.java:128)
at java.util.ArrayList.forEach(Unknown Source)
at org.testng.TestRunner.privateRun(TestRunner.java:767)
at org.testng.TestRunner.run(TestRunner.java:588)
at org.testng.SuiteRunner.runTest(SuiteRunner.java:384)
at org.testng.SuiteRunner.runSequentially(SuiteRunner.java:378)
at org.testng.SuiteRunner.privateRun(SuiteRunner.java:337)
at org.testng.SuiteRunner.run(SuiteRunner.java:286)
at org.testng.SuiteRunnerWorker.runSuite(SuiteRunnerWorker.java:53)
at org.testng.SuiteRunnerWorker.run(SuiteRunnerWorker.java:96)
at org.testng.TestNG.runSuitesSequentially(TestNG.java:1214)
at org.testng.TestNG.runSuitesLocally(TestNG.java:1136)
at org.testng.TestNG.runSuites(TestNG.java:1066)
at org.testng.TestNG.run(TestNG.java:1034)
at org.testng.remote.AbstractRemoteTestNG.run(AbstractRemoteTestNG.java:115)
at org.testng.remote.RemoteTestNG.initAndRun(RemoteTestNG.java:251)
at org.testng.remote.RemoteTestNG.main(RemoteTestNG.java:77)
]]>
            </full-stacktrace>
          </exception> <!-- org.openqa.selenium.InvalidArgumentException -->
          <reporter-output>
          </reporter-output>
        </test-method> <!-- PRO10 -->
        <test-method status="FAIL" signature="PRO12()[pri:1, instance:poly.test.Product@5606c0b]" name="PRO12" duration-ms="84" started-at="2020-06-24T11:51:50 ICT" finished-at="2020-06-24T11:51:50 ICT">
          <exception class="org.openqa.selenium.InvalidArgumentException">
            <message>
              <![CDATA[invalid argument: File not found : D:\anh_the.jpg
  (Session info: chrome=83.0.4103.116)
Build info: version: '3.141.59', revision: 'e82be7d358', time: '2018-11-14T08:25:48'
System info: host: 'DESKTOP-NTDIJGK', ip: '192.168.0.115', os.name: 'Windows 10', os.arch: 'amd64', os.version: '10.0', java.version: '1.8.0_251'
Driver info: org.openqa.selenium.chrome.ChromeDriver
Capabilities {acceptInsecureCerts: false, browserName: chrome, browserVersion: 83.0.4103.116, chrome: {chromedriverVersion: 83.0.4103.39 (ccbf011cb2d2b..., userDataDir: C:\Users\ADMIN\AppData\Loca...}, goog:chromeOptions: {debuggerAddress: localhost:58763}, javascriptEnabled: true, networkConnectionEnabled: false, pageLoadStrategy: normal, platform: WINDOWS, platformName: WINDOWS, proxy: Proxy(), setWindowRect: true, strictFileInteractability: false, timeouts: {implicit: 0, pageLoad: 300000, script: 30000}, unhandledPromptBehavior: dismiss and notify, webauthn:virtualAuthenticators: true}
Session ID: ed86aec04da460794591853f1a1c2d13]]>
            </message>
            <full-stacktrace>
              <![CDATA[org.openqa.selenium.InvalidArgumentException: invalid argument: File not found : D:\anh_the.jpg
  (Session info: chrome=83.0.4103.116)
Build info: version: '3.141.59', revision: 'e82be7d358', time: '2018-11-14T08:25:48'
System info: host: 'DESKTOP-NTDIJGK', ip: '192.168.0.115', os.name: 'Windows 10', os.arch: 'amd64', os.version: '10.0', java.version: '1.8.0_251'
Driver info: org.openqa.selenium.chrome.ChromeDriver
Capabilities {acceptInsecureCerts: false, browserName: chrome, browserVersion: 83.0.4103.116, chrome: {chromedriverVersion: 83.0.4103.39 (ccbf011cb2d2b..., userDataDir: C:\Users\ADMIN\AppData\Loca...}, goog:chromeOptions: {debuggerAddress: localhost:58763}, javascriptEnabled: true, networkConnectionEnabled: false, pageLoadStrategy: normal, platform: WINDOWS, platformName: WINDOWS, proxy: Proxy(), setWindowRect: true, strictFileInteractability: false, timeouts: {implicit: 0, pageLoad: 300000, script: 30000}, unhandledPromptBehavior: dismiss and notify, webauthn:virtualAuthenticators: true}
Session ID: ed86aec04da460794591853f1a1c2d13
at sun.reflect.NativeConstructorAccessorImpl.newInstance0(Native Method)
at sun.reflect.NativeConstructorAccessorImpl.newInstance(Unknown Source)
at sun.reflect.DelegatingConstructorAccessorImpl.newInstance(Unknown Source)
at java.lang.reflect.Constructor.newInstance(Unknown Source)
at org.openqa.selenium.remote.http.W3CHttpResponseCodec.createException(W3CHttpResponseCodec.java:187)
at org.openqa.selenium.remote.http.W3CHttpResponseCodec.decode(W3CHttpResponseCodec.java:122)
at org.openqa.selenium.remote.http.W3CHttpResponseCodec.decode(W3CHttpResponseCodec.java:49)
at org.openqa.selenium.remote.HttpCommandExecutor.execute(HttpCommandExecutor.java:158)
at org.openqa.selenium.remote.service.DriverCommandExecutor.execute(DriverCommandExecutor.java:83)
at org.openqa.selenium.remote.RemoteWebDriver.execute(RemoteWebDriver.java:552)
at org.openqa.selenium.remote.RemoteWebElement.execute(RemoteWebElement.java:285)
at org.openqa.selenium.remote.RemoteWebElement.sendKeys(RemoteWebElement.java:106)
at poly.test.Product.PRO12(Product.java:51)
at sun.reflect.NativeMethodAccessorImpl.invoke0(Native Method)
at sun.reflect.NativeMethodAccessorImpl.invoke(Unknown Source)
at sun.reflect.DelegatingMethodAccessorImpl.invoke(Unknown Source)
at java.lang.reflect.Method.invoke(Unknown Source)
at org.testng.internal.MethodInvocationHelper.invokeMethod(MethodInvocationHelper.java:135)
at org.testng.internal.TestInvoker.invokeMethod(TestInvoker.java:598)
at org.testng.internal.TestInvoker.invokeTestMethod(TestInvoker.java:174)
at org.testng.internal.MethodRunner.runInSequence(MethodRunner.java:46)
at org.testng.internal.TestInvoker$MethodInvocationAgent.invoke(TestInvoker.java:821)
at org.testng.internal.TestInvoker.invokeTestMethods(TestInvoker.java:147)
at org.testng.internal.TestMethodWorker.invokeTestMethods(TestMethodWorker.java:146)
at org.testng.internal.TestMethodWorker.run(TestMethodWorker.java:128)
at java.util.ArrayList.forEach(Unknown Source)
at org.testng.TestRunner.privateRun(TestRunner.java:767)
at org.testng.TestRunner.run(TestRunner.java:588)
at org.testng.SuiteRunner.runTest(SuiteRunner.java:384)
at org.testng.SuiteRunner.runSequentially(SuiteRunner.java:378)
at org.testng.SuiteRunner.privateRun(SuiteRunner.java:337)
at org.testng.SuiteRunner.run(SuiteRunner.java:286)
at org.testng.SuiteRunnerWorker.runSuite(SuiteRunnerWorker.java:53)
at org.testng.SuiteRunnerWorker.run(SuiteRunnerWorker.java:96)
at org.testng.TestNG.runSuitesSequentially(TestNG.java:1214)
at org.testng.TestNG.runSuitesLocally(TestNG.java:1136)
at org.testng.TestNG.runSuites(TestNG.java:1066)
at org.testng.TestNG.run(TestNG.java:1034)
at org.testng.remote.AbstractRemoteTestNG.run(AbstractRemoteTestNG.java:115)
at org.testng.remote.RemoteTestNG.initAndRun(RemoteTestNG.java:251)
at org.testng.remote.RemoteTestNG.main(RemoteTestNG.java:77)
]]>
            </full-stacktrace>
          </exception> <!-- org.openqa.selenium.InvalidArgumentException -->
          <reporter-output>
          </reporter-output>
        </test-method> <!-- PRO12 -->
        <test-method status="FAIL" signature="PRO14()[pri:2, instance:poly.test.Product@5606c0b]" name="PRO14" duration-ms="3359" started-at="2020-06-24T11:51:50 ICT" finished-at="2020-06-24T11:51:53 ICT">
          <exception class="java.lang.AssertionError">
            <message>
              <![CDATA[expected [tuong1] but found [cam ep11111]]]>
            </message>
            <full-stacktrace>
              <![CDATA[java.lang.AssertionError: expected [tuong1] but found [cam ep11111]
at org.testng.Assert.fail(Assert.java:97)
at org.testng.Assert.assertEqualsImpl(Assert.java:136)
at org.testng.Assert.assertEquals(Assert.java:118)
at org.testng.Assert.assertEquals(Assert.java:575)
at org.testng.Assert.assertEquals(Assert.java:585)
at poly.test.Product.PRO14(Product.java:94)
at sun.reflect.NativeMethodAccessorImpl.invoke0(Native Method)
at sun.reflect.NativeMethodAccessorImpl.invoke(Unknown Source)
at sun.reflect.DelegatingMethodAccessorImpl.invoke(Unknown Source)
at java.lang.reflect.Method.invoke(Unknown Source)
at org.testng.internal.MethodInvocationHelper.invokeMethod(MethodInvocationHelper.java:135)
at org.testng.internal.TestInvoker.invokeMethod(TestInvoker.java:598)
at org.testng.internal.TestInvoker.invokeTestMethod(TestInvoker.java:174)
at org.testng.internal.MethodRunner.runInSequence(MethodRunner.java:46)
at org.testng.internal.TestInvoker$MethodInvocationAgent.invoke(TestInvoker.java:821)
at org.testng.internal.TestInvoker.invokeTestMethods(TestInvoker.java:147)
at org.testng.internal.TestMethodWorker.invokeTestMethods(TestMethodWorker.java:146)
at org.testng.internal.TestMethodWorker.run(TestMethodWorker.java:128)
at java.util.ArrayList.forEach(Unknown Source)
at org.testng.TestRunner.privateRun(TestRunner.java:767)
at org.testng.TestRunner.run(TestRunner.java:588)
at org.testng.SuiteRunner.runTest(SuiteRunner.java:384)
at org.testng.SuiteRunner.runSequentially(SuiteRunner.java:378)
at org.testng.SuiteRunner.privateRun(SuiteRunner.java:337)
at org.testng.SuiteRunner.run(SuiteRunner.java:286)
at org.testng.SuiteRunnerWorker.runSuite(SuiteRunnerWorker.java:53)
at org.testng.SuiteRunnerWorker.run(SuiteRunnerWorker.java:96)
at org.testng.TestNG.runSuitesSequentially(TestNG.java:1214)
at org.testng.TestNG.runSuitesLocally(TestNG.java:1136)
at org.testng.TestNG.runSuites(TestNG.java:1066)
at org.testng.TestNG.run(TestNG.java:1034)
at org.testng.remote.AbstractRemoteTestNG.run(AbstractRemoteTestNG.java:115)
at org.testng.remote.RemoteTestNG.initAndRun(RemoteTestNG.java:251)
at org.testng.remote.RemoteTestNG.main(RemoteTestNG.java:77)
]]>
            </full-stacktrace>
          </exception> <!-- java.lang.AssertionError -->
          <reporter-output>
          </reporter-output>
        </test-method> <!-- PRO14 -->
        <test-method status="FAIL" signature="PRO08()[pri:3, instance:poly.test.Product@5606c0b]" name="PRO08" duration-ms="1651" started-at="2020-06-24T11:51:53 ICT" finished-at="2020-06-24T11:51:55 ICT">
          <exception class="java.lang.AssertionError">
            <message>
              <![CDATA[expected [16] but found [2]]]>
            </message>
            <full-stacktrace>
              <![CDATA[java.lang.AssertionError: expected [16] but found [2]
at org.testng.Assert.fail(Assert.java:97)
at org.testng.Assert.assertEqualsImpl(Assert.java:136)
at org.testng.Assert.assertEquals(Assert.java:118)
at org.testng.Assert.assertEquals(Assert.java:839)
at org.testng.Assert.assertEquals(Assert.java:849)
at poly.test.Product.PRO08(Product.java:105)
at sun.reflect.NativeMethodAccessorImpl.invoke0(Native Method)
at sun.reflect.NativeMethodAccessorImpl.invoke(Unknown Source)
at sun.reflect.DelegatingMethodAccessorImpl.invoke(Unknown Source)
at java.lang.reflect.Method.invoke(Unknown Source)
at org.testng.internal.MethodInvocationHelper.invokeMethod(MethodInvocationHelper.java:135)
at org.testng.internal.TestInvoker.invokeMethod(TestInvoker.java:598)
at org.testng.internal.TestInvoker.invokeTestMethod(TestInvoker.java:174)
at org.testng.internal.MethodRunner.runInSequence(MethodRunner.java:46)
at org.testng.internal.TestInvoker$MethodInvocationAgent.invoke(TestInvoker.java:821)
at org.testng.internal.TestInvoker.invokeTestMethods(TestInvoker.java:147)
at org.testng.internal.TestMethodWorker.invokeTestMethods(TestMethodWorker.java:146)
at org.testng.internal.TestMethodWorker.run(TestMethodWorker.java:128)
at java.util.ArrayList.forEach(Unknown Source)
at org.testng.TestRunner.privateRun(TestRunner.java:767)
at org.testng.TestRunner.run(TestRunner.java:588)
at org.testng.SuiteRunner.runTest(SuiteRunner.java:384)
at org.testng.SuiteRunner.runSequentially(SuiteRunner.java:378)
at org.testng.SuiteRunner.privateRun(SuiteRunner.java:337)
at org.testng.SuiteRunner.run(SuiteRunner.java:286)
at org.testng.SuiteRunnerWorker.runSuite(SuiteRunnerWorker.java:53)
at org.testng.SuiteRunnerWorker.run(SuiteRunnerWorker.java:96)
at org.testng.TestNG.runSuitesSequentially(TestNG.java:1214)
at org.testng.TestNG.runSuitesLocally(TestNG.java:1136)
at org.testng.TestNG.runSuites(TestNG.java:1066)
at org.testng.TestNG.run(TestNG.java:1034)
at org.testng.remote.AbstractRemoteTestNG.run(AbstractRemoteTestNG.java:115)
at org.testng.remote.RemoteTestNG.initAndRun(RemoteTestNG.java:251)
at org.testng.remote.RemoteTestNG.main(RemoteTestNG.java:77)
]]>
            </full-stacktrace>
          </exception> <!-- java.lang.AssertionError -->
          <reporter-output>
          </reporter-output>
        </test-method> <!-- PRO08 -->
        <test-method status="PASS" signature="PRO05()[pri:4, instance:poly.test.Product@5606c0b]" name="PRO05" duration-ms="1690" started-at="2020-06-24T11:51:55 ICT" finished-at="2020-06-24T11:51:56 ICT">
          <reporter-output>
          </reporter-output>
        </test-method> <!-- PRO05 -->
        <test-method status="PASS" signature="terminateBrowser()[pri:0, instance:poly.test.Product@5606c0b]" name="terminateBrowser" is-config="true" duration-ms="4111" started-at="2020-06-24T11:52:11 ICT" finished-at="2020-06-24T11:52:15 ICT">
          <reporter-output>
          </reporter-output>
        </test-method> <!-- terminateBrowser -->
      </class> <!-- poly.test.Product -->
      <class name="poly.test.Sale">
        <test-method status="PASS" signature="launchBrowser()[pri:0, instance:poly.test.Sale@80ec1f8]" name="launchBrowser" is-config="true" duration-ms="12489" started-at="2020-06-24T11:51:09 ICT" finished-at="2020-06-24T11:51:22 ICT">
          <reporter-output>
          </reporter-output>
        </test-method> <!-- launchBrowser -->
        <test-method status="PASS" signature="ACC05()[pri:0, instance:poly.test.Sale@80ec1f8]" name="ACC05" duration-ms="2238" started-at="2020-06-24T11:51:56 ICT" finished-at="2020-06-24T11:51:59 ICT">
          <reporter-output>
          </reporter-output>
        </test-method> <!-- ACC05 -->
        <test-method status="PASS" signature="SALE06()[pri:1, instance:poly.test.Sale@80ec1f8]" name="SALE06" duration-ms="2224" started-at="2020-06-24T11:51:59 ICT" finished-at="2020-06-24T11:52:01 ICT">
          <reporter-output>
          </reporter-output>
        </test-method> <!-- SALE06 -->
        <test-method status="PASS" signature="SALE07()[pri:2, instance:poly.test.Sale@80ec1f8]" name="SALE07" duration-ms="2553" started-at="2020-06-24T11:52:01 ICT" finished-at="2020-06-24T11:52:03 ICT">
          <reporter-output>
          </reporter-output>
        </test-method> <!-- SALE07 -->
        <test-method status="PASS" signature="SALE08()[pri:3, instance:poly.test.Sale@80ec1f8]" name="SALE08" duration-ms="1160" started-at="2020-06-24T11:52:03 ICT" finished-at="2020-06-24T11:52:05 ICT">
          <reporter-output>
          </reporter-output>
        </test-method> <!-- SALE08 -->
        <test-method status="PASS" signature="CAT04()[pri:4, instance:poly.test.Sale@80ec1f8]" name="CAT04" duration-ms="1365" started-at="2020-06-24T11:52:05 ICT" finished-at="2020-06-24T11:52:06 ICT">
          <reporter-output>
          </reporter-output>
        </test-method> <!-- CAT04 -->
        <test-method status="PASS" signature="terminateBrowser()[pri:0, instance:poly.test.Sale@80ec1f8]" name="terminateBrowser" is-config="true" duration-ms="173" started-at="2020-06-24T11:52:15 ICT" finished-at="2020-06-24T11:52:15 ICT">
          <reporter-output>
          </reporter-output>
        </test-method> <!-- terminateBrowser -->
      </class> <!-- poly.test.Sale -->
      <class name="poly.test.Category">
        <test-method status="PASS" signature="launchBrowser()[pri:0, instance:poly.test.Category@25359ed8]" name="launchBrowser" is-config="true" duration-ms="14988" started-at="2020-06-24T11:50:35 ICT" finished-at="2020-06-24T11:50:50 ICT">
          <reporter-output>
          </reporter-output>
        </test-method> <!-- launchBrowser -->
        <test-method status="PASS" signature="CAT05()[pri:0, instance:poly.test.Category@25359ed8]" name="CAT05" duration-ms="951" started-at="2020-06-24T11:51:31 ICT" finished-at="2020-06-24T11:51:32 ICT">
          <reporter-output>
          </reporter-output>
        </test-method> <!-- CAT05 -->
        <test-method status="PASS" signature="CAT07()[pri:0, instance:poly.test.Category@25359ed8]" name="CAT07" duration-ms="998" started-at="2020-06-24T11:51:32 ICT" finished-at="2020-06-24T11:51:33 ICT">
          <reporter-output>
          </reporter-output>
        </test-method> <!-- CAT07 -->
        <test-method status="PASS" signature="CAT06()[pri:1, instance:poly.test.Category@25359ed8]" name="CAT06" duration-ms="1385" started-at="2020-06-24T11:51:33 ICT" finished-at="2020-06-24T11:51:34 ICT">
          <reporter-output>
          </reporter-output>
        </test-method> <!-- CAT06 -->
        <test-method status="PASS" signature="CAT08()[pri:2, instance:poly.test.Category@25359ed8]" name="CAT08" duration-ms="1117" started-at="2020-06-24T11:51:34 ICT" finished-at="2020-06-24T11:51:36 ICT">
          <reporter-output>
          </reporter-output>
        </test-method> <!-- CAT08 -->
        <test-method status="PASS" signature="CAT09()[pri:3, instance:poly.test.Category@25359ed8]" name="CAT09" duration-ms="1094" started-at="2020-06-24T11:51:36 ICT" finished-at="2020-06-24T11:51:37 ICT">
          <reporter-output>
          </reporter-output>
        </test-method> <!-- CAT09 -->
        <test-method status="PASS" signature="CAT04()[pri:4, instance:poly.test.Category@25359ed8]" name="CAT04" duration-ms="1023" started-at="2020-06-24T11:51:37 ICT" finished-at="2020-06-24T11:51:38 ICT">
          <reporter-output>
          </reporter-output>
        </test-method> <!-- CAT04 -->
        <test-method status="PASS" signature="terminateBrowser()[pri:0, instance:poly.test.Category@25359ed8]" name="terminateBrowser" is-config="true" duration-ms="233" started-at="2020-06-24T11:52:06 ICT" finished-at="2020-06-24T11:52:07 ICT">
          <reporter-output>
          </reporter-output>
        </test-method> <!-- terminateBrowser -->
      </class> <!-- poly.test.Category -->
      <class name="poly.test.Login">
        <test-method status="PASS" signature="launchBrowser()[pri:0, instance:poly.test.Login@21a947fe]" name="launchBrowser" is-config="true" duration-ms="4481" started-at="2020-06-24T11:50:50 ICT" finished-at="2020-06-24T11:50:55 ICT">
          <reporter-output>
          </reporter-output>
        </test-method> <!-- launchBrowser -->
        <test-method status="PASS" signature="LOG05()[pri:1, instance:poly.test.Login@21a947fe]" name="LOG05" duration-ms="4684" started-at="2020-06-24T11:51:38 ICT" finished-at="2020-06-24T11:51:42 ICT">
          <reporter-output>
          </reporter-output>
        </test-method> <!-- LOG05 -->
        <test-method status="PASS" signature="LOG06()[pri:1, instance:poly.test.Login@21a947fe]" name="LOG06" duration-ms="1046" started-at="2020-06-24T11:51:42 ICT" finished-at="2020-06-24T11:51:43 ICT">
          <reporter-output>
          </reporter-output>
        </test-method> <!-- LOG06 -->
        <test-method status="PASS" signature="LOG07()[pri:1, instance:poly.test.Login@21a947fe]" name="LOG07" duration-ms="898" started-at="2020-06-24T11:51:43 ICT" finished-at="2020-06-24T11:51:44 ICT">
          <reporter-output>
          </reporter-output>
        </test-method> <!-- LOG07 -->
        <test-method status="PASS" signature="LOG08()[pri:1, instance:poly.test.Login@21a947fe]" name="LOG08" duration-ms="294" started-at="2020-06-24T11:51:44 ICT" finished-at="2020-06-24T11:51:45 ICT">
          <reporter-output>
          </reporter-output>
        </test-method> <!-- LOG08 -->
        <test-method status="PASS" signature="LOG09()[pri:1, instance:poly.test.Login@21a947fe]" name="LOG09" duration-ms="1987" started-at="2020-06-24T11:51:45 ICT" finished-at="2020-06-24T11:51:47 ICT">
          <reporter-output>
          </reporter-output>
        </test-method> <!-- LOG09 -->
        <test-method status="FAIL" signature="LOG01()[pri:2, instance:poly.test.Login@21a947fe]" name="LOG01" duration-ms="1330" started-at="2020-06-24T11:51:47 ICT" finished-at="2020-06-24T11:51:48 ICT">
          <exception class="java.lang.AssertionError">
            <message>
              <![CDATA[expected [404 HTML Template by Colorlib] but found [HTTP Status 500 – Internal Server Error]]]>
            </message>
            <full-stacktrace>
              <![CDATA[java.lang.AssertionError: expected [404 HTML Template by Colorlib] but found [HTTP Status 500 – Internal Server Error]
at org.testng.Assert.fail(Assert.java:97)
at org.testng.Assert.assertEqualsImpl(Assert.java:136)
at org.testng.Assert.assertEquals(Assert.java:118)
at org.testng.Assert.assertEquals(Assert.java:575)
at org.testng.Assert.assertEquals(Assert.java:585)
at poly.test.Login.LOG01(Login.java:31)
at sun.reflect.NativeMethodAccessorImpl.invoke0(Native Method)
at sun.reflect.NativeMethodAccessorImpl.invoke(Unknown Source)
at sun.reflect.DelegatingMethodAccessorImpl.invoke(Unknown Source)
at java.lang.reflect.Method.invoke(Unknown Source)
at org.testng.internal.MethodInvocationHelper.invokeMethod(MethodInvocationHelper.java:135)
at org.testng.internal.TestInvoker.invokeMethod(TestInvoker.java:598)
at org.testng.internal.TestInvoker.invokeTestMethod(TestInvoker.java:174)
at org.testng.internal.MethodRunner.runInSequence(MethodRunner.java:46)
at org.testng.internal.TestInvoker$MethodInvocationAgent.invoke(TestInvoker.java:821)
at org.testng.internal.TestInvoker.invokeTestMethods(TestInvoker.java:147)
at org.testng.internal.TestMethodWorker.invokeTestMethods(TestMethodWorker.java:146)
at org.testng.internal.TestMethodWorker.run(TestMethodWorker.java:128)
at java.util.ArrayList.forEach(Unknown Source)
at org.testng.TestRunner.privateRun(TestRunner.java:767)
at org.testng.TestRunner.run(TestRunner.java:588)
at org.testng.SuiteRunner.runTest(SuiteRunner.java:384)
at org.testng.SuiteRunner.runSequentially(SuiteRunner.java:378)
at org.testng.SuiteRunner.privateRun(SuiteRunner.java:337)
at org.testng.SuiteRunner.run(SuiteRunner.java:286)
at org.testng.SuiteRunnerWorker.runSuite(SuiteRunnerWorker.java:53)
at org.testng.SuiteRunnerWorker.run(SuiteRunnerWorker.java:96)
at org.testng.TestNG.runSuitesSequentially(TestNG.java:1214)
at org.testng.TestNG.runSuitesLocally(TestNG.java:1136)
at org.testng.TestNG.runSuites(TestNG.java:1066)
at org.testng.TestNG.run(TestNG.java:1034)
at org.testng.remote.AbstractRemoteTestNG.run(AbstractRemoteTestNG.java:115)
at org.testng.remote.RemoteTestNG.initAndRun(RemoteTestNG.java:251)
at org.testng.remote.RemoteTestNG.main(RemoteTestNG.java:77)
]]>
            </full-stacktrace>
          </exception> <!-- java.lang.AssertionError -->
          <reporter-output>
          </reporter-output>
        </test-method> <!-- LOG01 -->
        <test-method status="FAIL" signature="LOG02()[pri:3, instance:poly.test.Login@21a947fe]" name="LOG02" duration-ms="173" started-at="2020-06-24T11:51:48 ICT" finished-at="2020-06-24T11:51:48 ICT">
          <exception class="java.lang.AssertionError">
            <message>
              <![CDATA[expected [http://localhost:8080/PS09298ASM/login.htm] but found [http://localhost:8080/PS09298ASM/index.jsp/manage/product.htm]]]>
            </message>
            <full-stacktrace>
              <![CDATA[java.lang.AssertionError: expected [http://localhost:8080/PS09298ASM/login.htm] but found [http://localhost:8080/PS09298ASM/index.jsp/manage/product.htm]
at org.testng.Assert.fail(Assert.java:97)
at org.testng.Assert.assertEqualsImpl(Assert.java:136)
at org.testng.Assert.assertEquals(Assert.java:118)
at org.testng.Assert.assertEquals(Assert.java:575)
at org.testng.Assert.assertEquals(Assert.java:585)
at poly.test.Login.LOG02(Login.java:37)
at sun.reflect.NativeMethodAccessorImpl.invoke0(Native Method)
at sun.reflect.NativeMethodAccessorImpl.invoke(Unknown Source)
at sun.reflect.DelegatingMethodAccessorImpl.invoke(Unknown Source)
at java.lang.reflect.Method.invoke(Unknown Source)
at org.testng.internal.MethodInvocationHelper.invokeMethod(MethodInvocationHelper.java:135)
at org.testng.internal.TestInvoker.invokeMethod(TestInvoker.java:598)
at org.testng.internal.TestInvoker.invokeTestMethod(TestInvoker.java:174)
at org.testng.internal.MethodRunner.runInSequence(MethodRunner.java:46)
at org.testng.internal.TestInvoker$MethodInvocationAgent.invoke(TestInvoker.java:821)
at org.testng.internal.TestInvoker.invokeTestMethods(TestInvoker.java:147)
at org.testng.internal.TestMethodWorker.invokeTestMethods(TestMethodWorker.java:146)
at org.testng.internal.TestMethodWorker.run(TestMethodWorker.java:128)
at java.util.ArrayList.forEach(Unknown Source)
at org.testng.TestRunner.privateRun(TestRunner.java:767)
at org.testng.TestRunner.run(TestRunner.java:588)
at org.testng.SuiteRunner.runTest(SuiteRunner.java:384)
at org.testng.SuiteRunner.runSequentially(SuiteRunner.java:378)
at org.testng.SuiteRunner.privateRun(SuiteRunner.java:337)
at org.testng.SuiteRunner.run(SuiteRunner.java:286)
at org.testng.SuiteRunnerWorker.runSuite(SuiteRunnerWorker.java:53)
at org.testng.SuiteRunnerWorker.run(SuiteRunnerWorker.java:96)
at org.testng.TestNG.runSuitesSequentially(TestNG.java:1214)
at org.testng.TestNG.runSuitesLocally(TestNG.java:1136)
at org.testng.TestNG.runSuites(TestNG.java:1066)
at org.testng.TestNG.run(TestNG.java:1034)
at org.testng.remote.AbstractRemoteTestNG.run(AbstractRemoteTestNG.java:115)
at org.testng.remote.RemoteTestNG.initAndRun(RemoteTestNG.java:251)
at org.testng.remote.RemoteTestNG.main(RemoteTestNG.java:77)
]]>
            </full-stacktrace>
          </exception> <!-- java.lang.AssertionError -->
          <reporter-output>
          </reporter-output>
        </test-method> <!-- LOG02 -->
        <test-method status="PASS" signature="terminateBrowser()[pri:0, instance:poly.test.Login@21a947fe]" name="terminateBrowser" is-config="true" duration-ms="4666" started-at="2020-06-24T11:52:07 ICT" finished-at="2020-06-24T11:52:11 ICT">
          <reporter-output>
          </reporter-output>
        </test-method> <!-- terminateBrowser -->
      </class> <!-- poly.test.Login -->
      <class name="poly.test.Account">
        <test-method status="PASS" signature="launchBrowser()[pri:0, instance:poly.test.Account@37574691]" name="launchBrowser" is-config="true" duration-ms="14033" started-at="2020-06-24T11:50:21 ICT" finished-at="2020-06-24T11:50:35 ICT">
          <reporter-output>
          </reporter-output>
        </test-method> <!-- launchBrowser -->
        <test-method status="PASS" signature="ACC05()[pri:0, instance:poly.test.Account@37574691]" name="ACC05" duration-ms="1122" started-at="2020-06-24T11:51:22 ICT" finished-at="2020-06-24T11:51:23 ICT">
          <reporter-output>
          </reporter-output>
        </test-method> <!-- ACC05 -->
        <test-method status="PASS" signature="ACC06()[pri:0, instance:poly.test.Account@37574691]" name="ACC06" duration-ms="1422" started-at="2020-06-24T11:51:23 ICT" finished-at="2020-06-24T11:51:24 ICT">
          <reporter-output>
          </reporter-output>
        </test-method> <!-- ACC06 -->
        <test-method status="PASS" signature="ACC07()[pri:1, instance:poly.test.Account@37574691]" name="ACC07" duration-ms="2743" started-at="2020-06-24T11:51:24 ICT" finished-at="2020-06-24T11:51:27 ICT">
          <reporter-output>
          </reporter-output>
        </test-method> <!-- ACC07 -->
        <test-method status="PASS" signature="ACC08()[pri:2, instance:poly.test.Account@37574691]" name="ACC08" duration-ms="2225" started-at="2020-06-24T11:51:27 ICT" finished-at="2020-06-24T11:51:29 ICT">
          <reporter-output>
          </reporter-output>
        </test-method> <!-- ACC08 -->
        <test-method status="PASS" signature="ACC09()[pri:3, instance:poly.test.Account@37574691]" name="ACC09" duration-ms="948" started-at="2020-06-24T11:51:29 ICT" finished-at="2020-06-24T11:51:30 ICT">
          <reporter-output>
          </reporter-output>
        </test-method> <!-- ACC09 -->
        <test-method status="PASS" signature="ACC04()[pri:4, instance:poly.test.Account@37574691]" name="ACC04" duration-ms="946" started-at="2020-06-24T11:51:30 ICT" finished-at="2020-06-24T11:51:31 ICT">
          <reporter-output>
          </reporter-output>
        </test-method> <!-- ACC04 -->
        <test-method status="PASS" signature="terminateBrowser()[pri:0, instance:poly.test.Account@37574691]" name="terminateBrowser" is-config="true" duration-ms="300" started-at="2020-06-24T11:52:06 ICT" finished-at="2020-06-24T11:52:06 ICT">
          <reporter-output>
          </reporter-output>
        </test-method> <!-- terminateBrowser -->
      </class> <!-- poly.test.Account -->
    </test> <!-- Regression suite 1 -->
  </suite> <!-- example suite 1 -->
</testng-results>
